<?xml version="1.0" encoding="UTF-8"?>
<!-- Generated by org.testng.reporters.JUnitReportReporter -->
<testsuite hostname="LNAR-PC0AET4B" name="com.pc.driver.ParallelRegressionExecDriver" tests="10" failures="0" timestamp="15 May 2017 14:53:38 GMT" time="1.379" errors="0">
  <testcase name="Parllel2" time="0.000" classname="com.pc.driver.ParallelRegressionExecDriver"/>
  <testcase name="Parllel10" time="0.000" classname="com.pc.driver.ParallelRegressionExecDriver"/>
  <testcase name="Parllel4" time="0.000" classname="com.pc.driver.ParallelRegressionExecDriver"/>
  <testcase name="Parllel7" time="0.000" classname="com.pc.driver.ParallelRegressionExecDriver"/>
  <testcase name="Parllel3" time="0.001" classname="com.pc.driver.ParallelRegressionExecDriver"/>
  <testcase name="Parllel6" time="0.000" classname="com.pc.driver.ParallelRegressionExecDriver"/>
  <testcase name="Parllel1" time="1.378" classname="com.pc.driver.ParallelRegressionExecDriver"/>
  <testcase name="Parllel5" time="0.000" classname="com.pc.driver.ParallelRegressionExecDriver"/>
  <testcase name="Parllel9" time="0.000" classname="com.pc.driver.ParallelRegressionExecDriver"/>
  <testcase name="Parllel8" time="0.000" classname="com.pc.driver.ParallelRegressionExecDriver"/>
</testsuite> <!-- com.pc.driver.ParallelRegressionExecDriver -->
