<?xml version="1.0" encoding="UTF-8"?>
<!-- Generated by org.testng.reporters.JUnitReportReporter -->
<testsuite hostname="DESKTOP-M2UJ985" name="com.pc.driver.ParallelExecDriver" tests="1" failures="0" timestamp="30 Jun 2019 12:20:48 GMT" time="216.556" errors="0">
  <testcase name="Parllel1" time="216.556" classname="com.pc.driver.ParallelExecDriver"/>
</testsuite> <!-- com.pc.driver.ParallelExecDriver -->
